<?xml version="1.0" encoding="UTF-8" standalone="yes"?><!DOCTYPE report PUBLIC "-//JACOCO//DTD Report 1.1//EN" "report.dtd"><report name="JUnit5Examples"><sessioninfo id="CONCORD-74NDPPO-a06c283a" start="1737308781414" dump="1737308782132"/><sessioninfo id="CONCORD-74NDPPO-ed14965d" start="1737308781414" dump="1737308782151"/><sessioninfo id="CONCORD-74NDPPO-fa2d1fe5" start="1737308781415" dump="1737308782167"/><sessioninfo id="CONCORD-74NDPPO-8947dc70" start="1737308861152" dump="1737308861807"/><sessioninfo id="CONCORD-74NDPPO-51d0f661" start="1737308861153" dump="1737308861819"/><sessioninfo id="CONCORD-74NDPPO-10f4a365" start="1737308861174" dump="1737308861833"/><sessioninfo id="CONCORD-74NDPPO-5f034a39" start="1737309405529" dump="1737309406638"/><sessioninfo id="CONCORD-74NDPPO-74e1f9b7" start="1737309405557" dump="1737309406662"/><sessioninfo id="CONCORD-74NDPPO-f3d0beb" start="1737309405543" dump="1737309406684"/><sessioninfo id="RAHUL-94bbb8d2" start="1769117261027" dump="1769117261642"/><sessioninfo id="RAHUL-90f34e2c" start="1769117261021" dump="1769117261659"/><sessioninfo id="RAHUL-506f2d4d" start="1769117261019" dump="1769117261673"/><sessioninfo id="RAHUL-dc149736" start="1769117387472" dump="1769117387952"/><sessioninfo id="RAHUL-1bbf5d0b" start="1769117387493" dump="1769117387965"/><sessioninfo id="RAHUL-7ad5e403" start="1769117387503" dump="1769117387978"/><package name="com/howtodoinjava/junit5/examples"><class name="com/howtodoinjava/junit5/examples/Calculator" sourcefilename="Calculator.java"><method name="add" desc="(II)I" line="8"><counter type="INSTRUCTION" missed="4" covered="0"/><counter type="LINE" missed="1" covered="0"/><counter type="COMPLEXITY" missed="1" covered="0"/><counter type="METHOD" missed="1" covered="0"/></method><method name="subtract" desc="(II)I" line="12"><counter type="INSTRUCTION" missed="4" covered="0"/><counter type="LINE" missed="1" covered="0"/><counter type="COMPLEXITY" missed="1" covered="0"/><counter type="METHOD" missed="1" covered="0"/></method><method name="multiply" desc="(II)I" line="16"><counter type="INSTRUCTION" missed="4" covered="0"/><counter type="LINE" missed="1" covered="0"/><counter type="COMPLEXITY" missed="1" covered="0"/><counter type="METHOD" missed="1" covered="0"/></method><method name="divide" desc="(II)I" line="20"><counter type="INSTRUCTION" missed="4" covered="0"/><counter type="LINE" missed="1" covered="0"/><counter type="COMPLEXITY" missed="1" covered="0"/><counter type="METHOD" missed="1" covered="0"/></method><counter type="INSTRUCTION" missed="16" covered="0"/><counter type="LINE" missed="4" covered="0"/><counter type="COMPLEXITY" missed="4" covered="0"/><counter type="METHOD" missed="4" covered="0"/><counter type="CLASS" missed="1" covered="0"/></class><sourcefile name="Calculator.java"><line nr="8" mi="4" ci="0" mb="0" cb="0"/><line nr="12" mi="4" ci="0" mb="0" cb="0"/><line nr="16" mi="4" ci="0" mb="0" cb="0"/><line nr="20" mi="4" ci="0" mb="0" cb="0"/><counter type="INSTRUCTION" missed="16" covered="0"/><counter type="LINE" missed="4" covered="0"/><counter type="COMPLEXITY" missed="4" covered="0"/><counter type="METHOD" missed="4" covered="0"/><counter type="CLASS" missed="1" covered="0"/></sourcefile><counter type="INSTRUCTION" missed="16" covered="0"/><counter type="LINE" missed="4" covered="0"/><counter type="COMPLEXITY" missed="4" covered="0"/><counter type="METHOD" missed="4" covered="0"/><counter type="CLASS" missed="1" covered="0"/></package><counter type="INSTRUCTION" missed="16" covered="0"/><counter type="LINE" missed="4" covered="0"/><counter type="COMPLEXITY" missed="4" covered="0"/><counter type="METHOD" missed="4" covered="0"/><counter type="CLASS" missed="1" covered="0"/></report>